2024-03-14 01:21:21,465 - FinalPipeline - test - DEBUG - Using configs {'General': {'run_name': 'test', 'PREFIX_DB': 'test_data'}, 'Plotting': {'tick_size': 15, 'label_size': 20, 'title_size': 30, 'fig_width': 20, 'font_size': 16}, 'Metadata': {'n_blocks': 2000}, 'Aggregate': {'tx_generic_cols': {'dist': ['transaction_type', 'receipt_status'], 'stats': ['transaction_index_relative', 'value', 'gas', 'gas_price']}}, 'Heuristics': {'nafill': 'mean', 'Deposit': {'receiver_average_blocks_per_tx_threshold': 20, 'top_percentage_receiver': 0.01, 'max_transfers_deposit': 5}}, 'Clustering': {'algorithms': ['gmm', 'xmeans'], 'nafills': ['mean', '-1'], 'preprocessings': ['non-UMAP', 'UMAP']}}
2024-03-14 01:21:21,465 - FinalPipeline - test - DEBUG - Starting onetime_setup
2024-03-14 01:24:13,473 - FinalPipeline - test - DEBUG - Finished onetime_setup in 172.00789952278137 seconds
2024-03-14 01:24:14,487 - FinalPipeline - test - DEBUG - Starting populate_db
2024-03-14 01:24:14,487 - FinalPipeline - test - DEBUG - Start DB population for test
2024-03-15 22:50:20,799 - FinalPipeline - test - DEBUG - Using configs {'General': {'run_name': 'test', 'PREFIX_DB': 'test_data/test_run'}, 'Plotting': {'tick_size': 15, 'label_size': 20, 'title_size': 30, 'fig_width': 20, 'font_size': 16}, 'Metadata': {'n_blocks': 2000}, 'Aggregate': {'tx_generic_cols': {'dist': ['transaction_type', 'receipt_status'], 'stats': ['transaction_index_relative', 'value', 'gas', 'gas_price']}}, 'Heuristics': {'nafill': 'mean', 'Deposit': {'receiver_average_blocks_per_tx_threshold': 20, 'top_percentage_receiver': 0.01, 'max_transfers_deposit': 5}}, 'Clustering': {'algorithms': ['gmm', 'xmeans'], 'nafills': ['mean', '-1'], 'preprocessings': ['non-UMAP', 'UMAP']}}
2024-03-15 22:50:20,799 - FinalPipeline - test - DEBUG - Starting onetime_setup
2024-03-15 22:53:24,157 - FinalPipeline - test - DEBUG - Finished onetime_setup in 183.35784149169922 seconds
2024-03-15 22:53:25,174 - FinalPipeline - test - DEBUG - Starting populate_db
2024-03-15 22:53:25,175 - FinalPipeline - test - DEBUG - Start DB population for test
2024-03-16 01:39:42,925 - FinalPipeline - test - DEBUG - Using configs {'General': {'run_name': 'test', 'PREFIX_DB': 'test_data/test_run'}, 'Plotting': {'tick_size': 15, 'label_size': 20, 'title_size': 30, 'fig_width': 20, 'font_size': 16}, 'Metadata': {'n_blocks': 2000}, 'Aggregate': {'tx_generic_cols': {'dist': ['transaction_type', 'receipt_status'], 'stats': ['transaction_index_relative', 'value', 'gas', 'gas_price']}}, 'Heuristics': {'nafill': 'mean', 'Deposit': {'receiver_average_blocks_per_tx_threshold': 20, 'top_percentage_receiver': 0.01, 'max_transfers_deposit': 5}}, 'Clustering': {'algorithms': ['gmm', 'xmeans'], 'nafills': ['mean', '-1'], 'preprocessings': ['non-UMAP', 'UMAP']}}
2024-03-16 01:39:42,925 - FinalPipeline - test - DEBUG - Starting populate_db
2024-03-16 01:39:42,925 - FinalPipeline - test - DEBUG - Start DB population for test
2024-03-16 01:41:00,953 - FinalPipeline - test - DEBUG - Using configs {'General': {'run_name': 'test', 'PREFIX_DB': 'test_data/test_run'}, 'Plotting': {'tick_size': 15, 'label_size': 20, 'title_size': 30, 'fig_width': 20, 'font_size': 16}, 'Metadata': {'n_blocks': 2000}, 'Aggregate': {'tx_generic_cols': {'dist': ['transaction_type', 'receipt_status'], 'stats': ['transaction_index_relative', 'value', 'gas', 'gas_price']}}, 'Heuristics': {'nafill': 'mean', 'Deposit': {'receiver_average_blocks_per_tx_threshold': 20, 'top_percentage_receiver': 0.01, 'max_transfers_deposit': 5}}, 'Clustering': {'algorithms': ['gmm', 'xmeans'], 'nafills': ['mean', '-1'], 'preprocessings': ['non-UMAP', 'UMAP']}}
2024-03-16 01:41:00,954 - FinalPipeline - test - DEBUG - Starting populate_db
2024-03-16 01:41:00,954 - FinalPipeline - test - DEBUG - Start DB population for test
2024-03-16 22:36:48,670 - FinalPipeline - test - DEBUG - Using configs {'General': {'run_name': 'test', 'PREFIX_DB': 'test_data/test_run'}, 'Plotting': {'tick_size': 15, 'label_size': 20, 'title_size': 30, 'fig_width': 20, 'font_size': 16}, 'Metadata': {'n_blocks': 2000}, 'Aggregate': {'tx_generic_cols': {'dist': ['transaction_type', 'receipt_status'], 'stats': ['transaction_index_relative', 'value', 'gas', 'gas_price']}}, 'Heuristics': {'nafill': 'mean', 'Deposit': {'receiver_average_blocks_per_tx_threshold': 20, 'top_percentage_receiver': 0.01, 'max_transfers_deposit': 5}}, 'Clustering': {'algorithms': ['gmm', 'xmeans'], 'nafills': ['mean', '-1'], 'preprocessings': ['non-UMAP', 'UMAP']}}
2024-03-16 22:36:48,671 - FinalPipeline - test - DEBUG - Starting populate_db
2024-03-16 22:36:48,671 - FinalPipeline - test - DEBUG - Start DB population for test
2024-03-24 17:09:16,822 - FinalPipeline - test - DEBUG - Using configs {'General': {'run_name': 'test', 'PREFIX_DB': 'E:/test_data'}, 'Plotting': {'tick_size': 15, 'label_size': 20, 'title_size': 30, 'fig_width': 20, 'font_size': 16}, 'Metadata': {'n_blocks': 2000}, 'Aggregate': {'tx_generic_cols': {'dist': ['transaction_type', 'receipt_status'], 'stats': ['transaction_index_relative', 'value', 'gas', 'gas_price']}}, 'Heuristics': {'nafill': 'mean', 'Deposit': {'receiver_average_blocks_per_tx_threshold': 20, 'top_percentage_receiver': 0.01, 'max_transfers_deposit': 5}}, 'Clustering': {'algorithms': ['gmm', 'xmeans'], 'nafills': ['mean', '-1'], 'preprocessings': ['non-UMAP', 'UMAP']}}
2024-03-24 17:09:16,823 - FinalPipeline - test - DEBUG - Starting onetime_setup
2024-03-24 17:12:11,518 - FinalPipeline - test - DEBUG - Finished onetime_setup in 174.6947169303894 seconds
2024-03-24 17:12:12,538 - FinalPipeline - test - DEBUG - Starting populate_db
2024-03-24 17:12:12,538 - FinalPipeline - test - DEBUG - Start DB population for test
2024-03-24 17:15:49,084 - FinalPipeline - test - DEBUG - Using configs {'General': {'run_name': 'test', 'PREFIX_DB': 'E:/test_data'}, 'Plotting': {'tick_size': 15, 'label_size': 20, 'title_size': 30, 'fig_width': 20, 'font_size': 16}, 'Metadata': {'n_blocks': 2000}, 'Aggregate': {'tx_generic_cols': {'dist': ['transaction_type', 'receipt_status'], 'stats': ['transaction_index_relative', 'value', 'gas', 'gas_price']}}, 'Heuristics': {'nafill': 'mean', 'Deposit': {'receiver_average_blocks_per_tx_threshold': 20, 'top_percentage_receiver': 0.01, 'max_transfers_deposit': 5}}, 'Clustering': {'algorithms': ['gmm', 'xmeans'], 'nafills': ['mean', '-1'], 'preprocessings': ['non-UMAP', 'UMAP']}}
2024-03-24 17:15:49,084 - FinalPipeline - test - DEBUG - Starting populate_db
2024-03-24 17:15:49,084 - FinalPipeline - test - DEBUG - Start DB population for test
2024-03-24 17:17:58,989 - FinalPipeline - test - DEBUG - Using configs {'General': {'run_name': 'test', 'PREFIX_DB': 'E:/test_data/test_run'}, 'Plotting': {'tick_size': 15, 'label_size': 20, 'title_size': 30, 'fig_width': 20, 'font_size': 16}, 'Metadata': {'n_blocks': 2000}, 'Aggregate': {'tx_generic_cols': {'dist': ['transaction_type', 'receipt_status'], 'stats': ['transaction_index_relative', 'value', 'gas', 'gas_price']}}, 'Heuristics': {'nafill': 'mean', 'Deposit': {'receiver_average_blocks_per_tx_threshold': 20, 'top_percentage_receiver': 0.01, 'max_transfers_deposit': 5}}, 'Clustering': {'algorithms': ['gmm', 'xmeans'], 'nafills': ['mean', '-1'], 'preprocessings': ['non-UMAP', 'UMAP']}}
2024-03-24 17:17:58,990 - FinalPipeline - test - DEBUG - Starting onetime_setup
2024-03-24 17:20:57,524 - FinalPipeline - test - DEBUG - Finished onetime_setup in 178.53426051139832 seconds
2024-03-24 17:20:58,540 - FinalPipeline - test - DEBUG - Starting populate_db
2024-03-24 17:20:58,540 - FinalPipeline - test - DEBUG - Start DB population for test
2024-03-24 17:24:38,597 - FinalPipeline - test - DEBUG - Finished populate_db in 220.0568745136261 seconds
2024-03-24 17:24:38,598 - FinalPipeline - test - DEBUG - Starting ETL
2024-03-24 17:24:38,598 - FinalPipeline - test - DEBUG - Start ETL for test
2024-03-24 17:31:41,115 - FinalPipeline - test - DEBUG - Finished ETL for test
2024-03-24 17:31:41,115 - FinalPipeline - test - DEBUG - Finished ETL in 422.5173668861389 seconds
2024-03-24 17:31:41,115 - FinalPipeline - test - DEBUG - Starting run_experiments
2024-03-24 17:37:15,404 - FinalPipeline - test - DEBUG - Using configs {'General': {'run_name': 'test', 'PREFIX_DB': 'E:/test_data/test_run'}, 'Plotting': {'tick_size': 15, 'label_size': 20, 'title_size': 30, 'fig_width': 20, 'font_size': 16}, 'Metadata': {'n_blocks': 2000}, 'Aggregate': {'tx_generic_cols': {'dist': ['transaction_type', 'receipt_status'], 'stats': ['transaction_index_relative', 'value', 'gas', 'gas_price']}}, 'Heuristics': {'nafill': 'mean', 'Deposit': {'receiver_average_blocks_per_tx_threshold': 20, 'top_percentage_receiver': 0.01, 'max_transfers_deposit': 5}}, 'Clustering': {'algorithms': ['gmm', 'xmeans'], 'nafills': ['mean', '-1'], 'preprocessings': ['non-UMAP', 'UMAP']}}
2024-03-24 17:37:15,405 - FinalPipeline - test - DEBUG - Starting run_experiments
2024-03-24 17:39:49,508 - FinalPipeline - test - DEBUG - Using configs {'General': {'run_name': 'test', 'PREFIX_DB': 'E:/test_data/test_run'}, 'Plotting': {'tick_size': 15, 'label_size': 20, 'title_size': 30, 'fig_width': 20, 'font_size': 16}, 'Metadata': {'n_blocks': 2000}, 'Aggregate': {'tx_generic_cols': {'dist': ['transaction_type', 'receipt_status'], 'stats': ['transaction_index_relative', 'value', 'gas', 'gas_price']}}, 'Heuristics': {'nafill': 'mean', 'Deposit': {'receiver_average_blocks_per_tx_threshold': 20, 'top_percentage_receiver': 0.01, 'max_transfers_deposit': 5}}, 'Clustering': {'algorithms': ['gmm', 'xmeans'], 'nafills': ['mean', '-1'], 'preprocessings': ['non-UMAP', 'UMAP']}}
2024-03-24 17:39:49,509 - FinalPipeline - test - DEBUG - Starting onetime_setup
2024-03-24 17:43:04,906 - FinalPipeline - test - DEBUG - Finished onetime_setup in 195.39670276641846 seconds
2024-03-24 17:43:05,924 - FinalPipeline - test - DEBUG - Starting populate_db
2024-03-24 17:43:05,924 - FinalPipeline - test - DEBUG - Start DB population for test
2024-03-24 18:08:59,462 - FinalPipeline - test - DEBUG - Finished populate_db in 1553.537620306015 seconds
2024-03-24 18:08:59,463 - FinalPipeline - test - DEBUG - Starting ETL
2024-03-24 18:08:59,463 - FinalPipeline - test - DEBUG - Start ETL for test
2024-03-24 18:26:56,530 - FinalPipeline - test - DEBUG - Finished ETL for test
2024-03-24 18:26:56,530 - FinalPipeline - test - DEBUG - Finished ETL in 1077.0676982402802 seconds
2024-03-24 18:26:56,530 - FinalPipeline - test - DEBUG - Starting run_experiments
2024-03-24 18:37:47,344 - FinalPipeline - test - DEBUG - Using configs {'General': {'run_name': 'test', 'PREFIX_DB': 'E:/test_data/test_run'}, 'Plotting': {'tick_size': 15, 'label_size': 20, 'title_size': 30, 'fig_width': 20, 'font_size': 16}, 'Metadata': {'n_blocks': 2000}, 'Aggregate': {'tx_generic_cols': {'dist': ['transaction_type', 'receipt_status'], 'stats': ['transaction_index_relative', 'value', 'gas', 'gas_price']}}, 'Heuristics': {'nafill': 'mean', 'Deposit': {'receiver_average_blocks_per_tx_threshold': 20, 'top_percentage_receiver': 0.01, 'max_transfers_deposit': 5}}, 'Clustering': {'algorithms': ['gmm', 'xmeans'], 'nafills': ['mean', '-1'], 'preprocessings': ['non-UMAP', 'UMAP']}}
2024-03-24 18:37:47,344 - FinalPipeline - test - DEBUG - Starting run_experiments
2024-03-24 18:39:25,773 - FinalPipeline - test - DEBUG - Using configs {'General': {'run_name': 'test', 'PREFIX_DB': 'E:/test_data/test_run'}, 'Plotting': {'tick_size': 15, 'label_size': 20, 'title_size': 30, 'fig_width': 20, 'font_size': 16}, 'Metadata': {'n_blocks': 2000}, 'Aggregate': {'tx_generic_cols': {'dist': ['transaction_type', 'receipt_status'], 'stats': ['transaction_index_relative', 'value', 'gas', 'gas_price']}}, 'Heuristics': {'nafill': 'mean', 'Deposit': {'receiver_average_blocks_per_tx_threshold': 20, 'top_percentage_receiver': 0.01, 'max_transfers_deposit': 5}}, 'Clustering': {'algorithms': ['gmm', 'xmeans'], 'nafills': ['mean', '-1'], 'preprocessings': ['non-UMAP', 'UMAP']}}
2024-03-24 18:39:25,773 - FinalPipeline - test - DEBUG - Starting run_experiments
2024-03-24 18:48:59,203 - FinalPipeline - test - DEBUG - Using configs {'General': {'run_name': 'test', 'PREFIX_DB': 'E:/test_data/test_run'}, 'Plotting': {'tick_size': 15, 'label_size': 20, 'title_size': 30, 'fig_width': 20, 'font_size': 16}, 'Metadata': {'n_blocks': 2000}, 'Aggregate': {'tx_generic_cols': {'dist': ['transaction_type', 'receipt_status'], 'stats': ['transaction_index_relative', 'value', 'gas', 'gas_price']}}, 'Heuristics': {'nafill': 'mean', 'Deposit': {'receiver_average_blocks_per_tx_threshold': 20, 'top_percentage_receiver': 0.01, 'max_transfers_deposit': 5}}, 'Clustering': {'algorithms': ['gmm', 'xmeans'], 'nafills': ['mean', '-1'], 'preprocessings': ['non-UMAP', 'UMAP']}}
2024-03-24 18:48:59,204 - FinalPipeline - test - DEBUG - Starting run_experiments
2024-03-24 19:19:20,141 - FinalPipeline - test - DEBUG - Using configs {'General': {'run_name': 'test', 'PREFIX_DB': 'E:/test_data/test_run'}, 'Plotting': {'tick_size': 15, 'label_size': 20, 'title_size': 30, 'fig_width': 20, 'font_size': 16}, 'Metadata': {'n_blocks': 2000}, 'Aggregate': {'tx_generic_cols': {'dist': ['transaction_type', 'receipt_status'], 'stats': ['transaction_index_relative', 'value', 'gas', 'gas_price']}}, 'Heuristics': {'nafill': 'mean', 'Deposit': {'receiver_average_blocks_per_tx_threshold': 20, 'top_percentage_receiver': 0.01, 'max_transfers_deposit': 5}}, 'Clustering': {'algorithms': ['gmm', 'kmeans'], 'nafills': ['mean', '-1'], 'preprocessings': ['non-UMAP', 'UMAP']}}
2024-03-24 19:19:20,141 - FinalPipeline - test - DEBUG - Starting run_experiments
2024-03-24 19:37:20,287 - FinalPipeline - test - DEBUG - Using configs {'General': {'run_name': 'test', 'PREFIX_DB': 'E:/test_data/test_run'}, 'Plotting': {'tick_size': 15, 'label_size': 20, 'title_size': 30, 'fig_width': 20, 'font_size': 16}, 'Metadata': {'n_blocks': 2000}, 'Aggregate': {'tx_generic_cols': {'dist': ['transaction_type', 'receipt_status'], 'stats': ['transaction_index_relative', 'value', 'gas', 'gas_price']}}, 'Heuristics': {'nafill': 'mean', 'Deposit': {'receiver_average_blocks_per_tx_threshold': 20, 'top_percentage_receiver': 0.01, 'max_transfers_deposit': 5}}, 'Clustering': {'algorithms': ['gmm', 'kmeans'], 'nafills': ['mean', '-1'], 'preprocessings': ['non-UMAP', 'UMAP']}}
2024-03-24 19:37:20,288 - FinalPipeline - test - DEBUG - Starting run_experiments
2024-03-24 22:46:22,021 - FinalPipeline - test - DEBUG - Using configs {'General': {'run_name': 'test', 'PREFIX_DB': 'E:/test_data/test_run'}, 'Plotting': {'tick_size': 15, 'label_size': 20, 'title_size': 30, 'fig_width': 20, 'font_size': 16}, 'Metadata': {'n_blocks': 2000}, 'Aggregate': {'tx_generic_cols': {'dist': ['transaction_type', 'receipt_status'], 'stats': ['transaction_index_relative', 'value', 'gas', 'gas_price']}}, 'Heuristics': {'nafill': 'mean', 'Deposit': {'receiver_average_blocks_per_tx_threshold': 20, 'top_percentage_receiver': 0.01, 'max_transfers_deposit': 5}}, 'Clustering': {'algorithms': ['gmm', 'kmeans'], 'nafills': ['mean', '-1'], 'preprocessings': ['non-UMAP', 'UMAP']}}
2024-03-24 22:46:22,021 - FinalPipeline - test - DEBUG - Starting run_experiments
2024-03-24 23:19:32,963 - FinalPipeline - test - DEBUG - Using configs {'General': {'run_name': 'test', 'PREFIX_DB': 'E:/test_data/test_run'}, 'Plotting': {'tick_size': 15, 'label_size': 20, 'title_size': 30, 'fig_width': 20, 'font_size': 16}, 'Metadata': {'n_blocks': 2000}, 'Aggregate': {'tx_generic_cols': {'dist': ['transaction_type', 'receipt_status'], 'stats': ['transaction_index_relative', 'value', 'gas', 'gas_price']}}, 'Heuristics': {'nafill': 'mean', 'Deposit': {'receiver_average_blocks_per_tx_threshold': 20, 'top_percentage_receiver': 0.01, 'max_transfers_deposit': 5}}, 'Clustering': {'algorithms': ['gmm', 'kmeans'], 'nafills': ['mean', '-1'], 'preprocessings': ['non-UMAP', 'UMAP']}}
2024-03-24 23:19:32,963 - FinalPipeline - test - DEBUG - Starting run_experiments
2024-03-24 23:24:07,558 - FinalPipeline - test - DEBUG - Using configs {'General': {'run_name': 'test', 'PREFIX_DB': 'E:/test_data/test_run'}, 'Plotting': {'tick_size': 15, 'label_size': 20, 'title_size': 30, 'fig_width': 20, 'font_size': 16}, 'Metadata': {'n_blocks': 2000}, 'Aggregate': {'tx_generic_cols': {'dist': ['transaction_type', 'receipt_status'], 'stats': ['transaction_index_relative', 'value', 'gas', 'gas_price']}}, 'Heuristics': {'nafill': 'mean', 'Deposit': {'receiver_average_blocks_per_tx_threshold': 20, 'top_percentage_receiver': 0.01, 'max_transfers_deposit': 5}}, 'Clustering': {'algorithms': ['gmm', 'kmeans'], 'nafills': ['mean', '-1'], 'preprocessings': ['non-UMAP', 'UMAP']}}
2024-03-24 23:24:07,559 - FinalPipeline - test - DEBUG - Starting run_experiments
2024-03-24 23:25:43,510 - FinalPipeline - test - DEBUG - Using configs {'General': {'run_name': 'test', 'PREFIX_DB': 'E:/test_data/test_run'}, 'Plotting': {'tick_size': 15, 'label_size': 20, 'title_size': 30, 'fig_width': 20, 'font_size': 16}, 'Metadata': {'n_blocks': 2000}, 'Aggregate': {'tx_generic_cols': {'dist': ['transaction_type', 'receipt_status'], 'stats': ['transaction_index_relative', 'value', 'gas', 'gas_price']}}, 'Heuristics': {'nafill': 'mean', 'Deposit': {'receiver_average_blocks_per_tx_threshold': 20, 'top_percentage_receiver': 0.01, 'max_transfers_deposit': 5}}, 'Clustering': {'algorithms': ['gmm', 'kmeans'], 'nafills': ['mean', '-1'], 'preprocessings': ['non-UMAP', 'UMAP']}}
2024-03-24 23:25:43,510 - FinalPipeline - test - DEBUG - Starting run_experiments
2024-03-24 23:32:21,366 - FinalPipeline - test - DEBUG - Using configs {'General': {'run_name': 'test', 'PREFIX_DB': 'E:/test_data/test_run', 'master_thesis': True}, 'Plotting': {'tick_size': 15, 'label_size': 20, 'title_size': 30, 'fig_width': 20, 'font_size': 16}, 'Metadata': {'n_blocks': 2000}, 'Aggregate': {'tx_generic_cols': {'dist': ['transaction_type', 'receipt_status'], 'stats': ['transaction_index_relative', 'value', 'gas', 'gas_price']}}, 'Heuristics': {'nafill': 'mean', 'Deposit': {'receiver_average_blocks_per_tx_threshold': 20, 'top_percentage_receiver': 0.01, 'max_transfers_deposit': 5}}, 'Clustering': {'algorithms': ['gmm', 'kmeans'], 'nafills': ['mean', '-1'], 'preprocessings': ['non-UMAP', 'UMAP']}}
2024-03-24 23:32:21,367 - FinalPipeline - test - DEBUG - Starting run_experiments
2024-03-24 23:33:06,060 - FinalPipeline - test - DEBUG - Finished run_experiments in 44.694199085235596 seconds
2024-12-13 11:38:56,337 - FinalPipeline - test - DEBUG - Using configs {'General': {'run_name': 'test', 'PREFIX_DB': 'E:/test_data/test_run', 'additional_experiments': False}, 'Plotting': {'tick_size': 15, 'label_size': 20, 'title_size': 30, 'fig_width': 20, 'font_size': 16}, 'Metadata': {'n_blocks': 2000}, 'Aggregate': {'tx_generic_cols': {'dist': ['transaction_type', 'receipt_status'], 'stats': ['transaction_index_relative', 'value', 'gas', 'gas_price']}}, 'Heuristics': {'nafill': 'mean', 'Deposit': {'receiver_average_blocks_per_tx_threshold': 20, 'top_percentage_receiver': 0.01, 'max_transfers_deposit': 5}}, 'Clustering': {'algorithms': ['gmm', 'kmeans'], 'nafills': ['mean', '-1'], 'preprocessings': ['non-UMAP', 'UMAP']}}
2024-12-13 11:38:56,338 - FinalPipeline - test - DEBUG - Starting onetime_setup
2024-12-13 11:41:43,186 - FinalPipeline - test - DEBUG - Finished onetime_setup in 166.84784197807312 seconds
2024-12-13 11:41:44,193 - FinalPipeline - test - DEBUG - Starting populate_db
2024-12-13 11:41:44,193 - FinalPipeline - test - DEBUG - Start DB population for test
2024-12-13 12:53:45,415 - FinalPipeline - test - DEBUG - Using configs {'General': {'run_name': 'test', 'PREFIX_DB': 'E:/test_data/test_run', 'additional_experiments': False}, 'Plotting': {'tick_size': 15, 'label_size': 20, 'title_size': 30, 'fig_width': 20, 'font_size': 16}, 'Metadata': {'n_blocks': 2000}, 'Aggregate': {'tx_generic_cols': {'dist': ['transaction_type', 'receipt_status'], 'stats': ['transaction_index_relative', 'value', 'gas', 'gas_price']}}, 'Heuristics': {'nafill': 'mean', 'Deposit': {'receiver_average_blocks_per_tx_threshold': 20, 'top_percentage_receiver': 0.01, 'max_transfers_deposit': 5}}, 'Clustering': {'algorithms': ['gmm', 'kmeans'], 'nafills': ['mean', '-1'], 'preprocessings': ['non-UMAP', 'UMAP']}}
2024-12-13 12:53:45,416 - FinalPipeline - test - DEBUG - Starting onetime_setup
2024-12-13 12:56:42,897 - FinalPipeline - test - DEBUG - Finished onetime_setup in 177.48095512390137 seconds
2024-12-13 12:56:43,904 - FinalPipeline - test - DEBUG - Starting populate_db
2024-12-13 12:56:43,904 - FinalPipeline - test - DEBUG - Start DB population for test
2024-12-13 13:25:52,932 - FinalPipeline - test - DEBUG - Using configs {'General': {'run_name': 'test', 'PREFIX_DB': 'E:/test_data/test_run', 'additional_experiments': False}, 'Plotting': {'tick_size': 15, 'label_size': 20, 'title_size': 30, 'fig_width': 20, 'font_size': 16}, 'Metadata': {'n_blocks': 2000}, 'Aggregate': {'tx_generic_cols': {'dist': ['transaction_type', 'receipt_status'], 'stats': ['transaction_index_relative', 'value', 'gas', 'gas_price']}}, 'Heuristics': {'nafill': 'mean', 'Deposit': {'receiver_average_blocks_per_tx_threshold': 20, 'top_percentage_receiver': 0.01, 'max_transfers_deposit': 5}}, 'Clustering': {'algorithms': ['gmm', 'kmeans'], 'nafills': ['mean', '-1'], 'preprocessings': ['non-UMAP', 'UMAP']}}
2024-12-13 13:25:52,934 - FinalPipeline - test - DEBUG - Starting onetime_setup
2024-12-13 13:28:41,659 - FinalPipeline - test - DEBUG - Finished onetime_setup in 168.72503209114075 seconds
2024-12-13 13:28:42,668 - FinalPipeline - test - DEBUG - Starting populate_db
2024-12-13 13:28:42,668 - FinalPipeline - test - DEBUG - Start DB population for test
2024-12-13 13:33:40,965 - FinalPipeline - test - DEBUG - Using configs {'General': {'run_name': 'test', 'PREFIX_DB': 'E:/test_data/test_run', 'additional_experiments': False}, 'Plotting': {'tick_size': 15, 'label_size': 20, 'title_size': 30, 'fig_width': 20, 'font_size': 16}, 'Metadata': {'n_blocks': 2000}, 'Aggregate': {'tx_generic_cols': {'dist': ['transaction_type', 'receipt_status'], 'stats': ['transaction_index_relative', 'value', 'gas', 'gas_price']}}, 'Heuristics': {'nafill': 'mean', 'Deposit': {'receiver_average_blocks_per_tx_threshold': 20, 'top_percentage_receiver': 0.01, 'max_transfers_deposit': 5}}, 'Clustering': {'algorithms': ['gmm', 'kmeans'], 'nafills': ['mean', '-1'], 'preprocessings': ['non-UMAP', 'UMAP']}}
2024-12-13 13:33:40,966 - FinalPipeline - test - DEBUG - Starting onetime_setup
2024-12-13 13:36:36,204 - FinalPipeline - test - DEBUG - Finished onetime_setup in 175.2373628616333 seconds
2024-12-13 13:36:37,211 - FinalPipeline - test - DEBUG - Starting populate_db
2024-12-13 13:36:37,211 - FinalPipeline - test - DEBUG - Start DB population for test
2024-12-13 13:38:39,045 - FinalPipeline - test - DEBUG - Using configs {'General': {'run_name': 'test', 'PREFIX_DB': 'E:/test_data/test_run', 'additional_experiments': False}, 'Plotting': {'tick_size': 15, 'label_size': 20, 'title_size': 30, 'fig_width': 20, 'font_size': 16}, 'Metadata': {'n_blocks': 2000}, 'Aggregate': {'tx_generic_cols': {'dist': ['transaction_type', 'receipt_status'], 'stats': ['transaction_index_relative', 'value', 'gas', 'gas_price']}}, 'Heuristics': {'nafill': 'mean', 'Deposit': {'receiver_average_blocks_per_tx_threshold': 20, 'top_percentage_receiver': 0.01, 'max_transfers_deposit': 5}}, 'Clustering': {'algorithms': ['gmm', 'kmeans'], 'nafills': ['mean', '-1'], 'preprocessings': ['non-UMAP', 'UMAP']}}
2024-12-13 13:38:39,046 - FinalPipeline - test - DEBUG - Starting onetime_setup
2024-12-13 13:41:31,523 - FinalPipeline - test - DEBUG - Finished onetime_setup in 172.47730684280396 seconds
2024-12-13 13:41:32,529 - FinalPipeline - test - DEBUG - Starting populate_db
2024-12-13 13:41:32,529 - FinalPipeline - test - DEBUG - Start DB population for test
2024-12-13 13:42:12,877 - FinalPipeline - test - DEBUG - Using configs {'General': {'run_name': 'test', 'PREFIX_DB': 'E:/test_data/test_run', 'additional_experiments': False}, 'Plotting': {'tick_size': 15, 'label_size': 20, 'title_size': 30, 'fig_width': 20, 'font_size': 16}, 'Metadata': {'n_blocks': 2000}, 'Aggregate': {'tx_generic_cols': {'dist': ['transaction_type', 'receipt_status'], 'stats': ['transaction_index_relative', 'value', 'gas', 'gas_price']}}, 'Heuristics': {'nafill': 'mean', 'Deposit': {'receiver_average_blocks_per_tx_threshold': 20, 'top_percentage_receiver': 0.01, 'max_transfers_deposit': 5}}, 'Clustering': {'algorithms': ['gmm', 'kmeans'], 'nafills': ['mean', '-1'], 'preprocessings': ['non-UMAP', 'UMAP']}}
2024-12-13 13:42:12,878 - FinalPipeline - test - DEBUG - Starting onetime_setup
2024-12-13 13:44:55,533 - FinalPipeline - test - DEBUG - Finished onetime_setup in 162.65562391281128 seconds
2024-12-13 13:44:56,540 - FinalPipeline - test - DEBUG - Starting populate_db
2024-12-13 13:44:56,541 - FinalPipeline - test - DEBUG - Start DB population for test
2024-12-13 13:52:28,298 - FinalPipeline - test - DEBUG - Using configs {'General': {'run_name': 'test', 'PREFIX_DB': 'E:/test_data/test_run', 'additional_experiments': False}, 'Plotting': {'tick_size': 15, 'label_size': 20, 'title_size': 30, 'fig_width': 20, 'font_size': 16}, 'Metadata': {'n_blocks': 2000}, 'Aggregate': {'tx_generic_cols': {'dist': ['transaction_type', 'receipt_status'], 'stats': ['transaction_index_relative', 'value', 'gas', 'gas_price']}}, 'Heuristics': {'nafill': 'mean', 'Deposit': {'receiver_average_blocks_per_tx_threshold': 20, 'top_percentage_receiver': 0.01, 'max_transfers_deposit': 5}}, 'Clustering': {'algorithms': ['gmm', 'kmeans'], 'nafills': ['mean', '-1'], 'preprocessings': ['non-UMAP', 'UMAP']}}
2024-12-13 13:52:28,298 - FinalPipeline - test - DEBUG - Starting onetime_setup
2024-12-13 13:55:16,769 - FinalPipeline - test - DEBUG - Finished onetime_setup in 168.47107672691345 seconds
2024-12-13 13:55:17,777 - FinalPipeline - test - DEBUG - Starting populate_db
2024-12-13 13:55:17,777 - FinalPipeline - test - DEBUG - Start DB population for test
2024-12-13 13:58:16,457 - FinalPipeline - test - DEBUG - Using configs {'General': {'run_name': 'test', 'PREFIX_DB': 'E:/test_data/test_run', 'additional_experiments': False}, 'Plotting': {'tick_size': 15, 'label_size': 20, 'title_size': 30, 'fig_width': 20, 'font_size': 16}, 'Metadata': {'n_blocks': 2000}, 'Aggregate': {'tx_generic_cols': {'dist': ['transaction_type', 'receipt_status'], 'stats': ['transaction_index_relative', 'value', 'gas', 'gas_price']}}, 'Heuristics': {'nafill': 'mean', 'Deposit': {'receiver_average_blocks_per_tx_threshold': 20, 'top_percentage_receiver': 0.01, 'max_transfers_deposit': 5}}, 'Clustering': {'algorithms': ['gmm', 'kmeans'], 'nafills': ['mean', '-1'], 'preprocessings': ['non-UMAP', 'UMAP']}}
2024-12-13 13:58:16,458 - FinalPipeline - test - DEBUG - Starting onetime_setup
2024-12-13 14:01:03,880 - FinalPipeline - test - DEBUG - Finished onetime_setup in 167.42273998260498 seconds
2024-12-13 14:01:04,887 - FinalPipeline - test - DEBUG - Starting populate_db
2024-12-13 14:01:04,887 - FinalPipeline - test - DEBUG - Start DB population for test
2024-12-13 14:03:03,202 - FinalPipeline - test - DEBUG - Using configs {'General': {'run_name': 'test', 'PREFIX_DB': 'E:/test_data/test_run', 'additional_experiments': False}, 'Plotting': {'tick_size': 15, 'label_size': 20, 'title_size': 30, 'fig_width': 20, 'font_size': 16}, 'Metadata': {'n_blocks': 2000}, 'Aggregate': {'tx_generic_cols': {'dist': ['transaction_type', 'receipt_status'], 'stats': ['transaction_index_relative', 'value', 'gas', 'gas_price']}}, 'Heuristics': {'nafill': 'mean', 'Deposit': {'receiver_average_blocks_per_tx_threshold': 20, 'top_percentage_receiver': 0.01, 'max_transfers_deposit': 5}}, 'Clustering': {'algorithms': ['gmm', 'kmeans'], 'nafills': ['mean', '-1'], 'preprocessings': ['non-UMAP', 'UMAP']}}
2024-12-13 14:03:03,202 - FinalPipeline - test - DEBUG - Starting onetime_setup
2024-12-13 14:05:54,447 - FinalPipeline - test - DEBUG - Finished onetime_setup in 171.24455380439758 seconds
2024-12-13 14:05:55,450 - FinalPipeline - test - DEBUG - Starting populate_db
2024-12-13 14:05:55,450 - FinalPipeline - test - DEBUG - Start DB population for test
2024-12-13 14:05:59,386 - FinalPipeline - test - DEBUG - Finished populate_db in 3.936363935470581 seconds
2024-12-13 14:05:59,387 - FinalPipeline - test - DEBUG - Starting ETL
2024-12-13 14:05:59,387 - FinalPipeline - test - DEBUG - Start ETL for test
2024-12-13 14:28:12,202 - FinalPipeline - test - DEBUG - Using configs {'General': {'run_name': 'test', 'PREFIX_DB': 'E:/test_data/test_run', 'additional_experiments': False}, 'Plotting': {'tick_size': 15, 'label_size': 20, 'title_size': 30, 'fig_width': 20, 'font_size': 16}, 'Metadata': {'n_blocks': 2000}, 'Aggregate': {'tx_generic_cols': {'dist': ['transaction_type', 'receipt_status'], 'stats': ['transaction_index_relative', 'value', 'gas', 'gas_price']}}, 'Heuristics': {'nafill': 'mean', 'Deposit': {'receiver_average_blocks_per_tx_threshold': 20, 'top_percentage_receiver': 0.01, 'max_transfers_deposit': 5}}, 'Clustering': {'algorithms': ['gmm', 'kmeans'], 'nafills': ['mean', '-1'], 'preprocessings': ['non-UMAP', 'UMAP']}}
2024-12-13 14:28:12,203 - FinalPipeline - test - DEBUG - Starting onetime_setup
2024-12-13 14:29:28,316 - FinalPipeline - test - DEBUG - Using configs {'General': {'run_name': 'test', 'PREFIX_DB': 'E:/test_data/test_run', 'additional_experiments': False}, 'Plotting': {'tick_size': 15, 'label_size': 20, 'title_size': 30, 'fig_width': 20, 'font_size': 16}, 'Metadata': {'n_blocks': 2000}, 'Aggregate': {'tx_generic_cols': {'dist': ['transaction_type', 'receipt_status'], 'stats': ['transaction_index_relative', 'value', 'gas', 'gas_price']}}, 'Heuristics': {'nafill': 'mean', 'Deposit': {'receiver_average_blocks_per_tx_threshold': 20, 'top_percentage_receiver': 0.01, 'max_transfers_deposit': 5}}, 'Clustering': {'algorithms': ['gmm', 'kmeans'], 'nafills': ['mean', '-1'], 'preprocessings': ['non-UMAP', 'UMAP']}}
2024-12-13 14:29:28,316 - FinalPipeline - test - DEBUG - Starting onetime_setup
2024-12-13 14:32:20,574 - FinalPipeline - test - DEBUG - Finished onetime_setup in 172.25743222236633 seconds
2024-12-13 14:32:21,581 - FinalPipeline - test - DEBUG - Starting populate_db
2024-12-13 14:32:21,582 - FinalPipeline - test - DEBUG - Start DB population for test
2024-12-13 21:05:23,407 - FinalPipeline - test - DEBUG - Using configs {'General': {'run_name': 'test', 'PREFIX_DB': 'E:/test_data/test_run', 'additional_experiments': False}, 'Plotting': {'tick_size': 15, 'label_size': 20, 'title_size': 30, 'fig_width': 20, 'font_size': 16}, 'Metadata': {'n_blocks': 2000}, 'Aggregate': {'tx_generic_cols': {'dist': ['transaction_type', 'receipt_status'], 'stats': ['transaction_index_relative', 'value', 'gas', 'gas_price']}}, 'Heuristics': {'nafill': 'mean', 'Deposit': {'receiver_average_blocks_per_tx_threshold': 20, 'top_percentage_receiver': 0.01, 'max_transfers_deposit': 5}}, 'Clustering': {'algorithms': ['gmm', 'kmeans'], 'nafills': ['mean', '-1'], 'preprocessings': ['non-UMAP', 'UMAP']}}
2024-12-13 21:05:23,408 - FinalPipeline - test - DEBUG - Starting onetime_setup
2024-12-13 21:08:15,014 - FinalPipeline - test - DEBUG - Finished onetime_setup in 171.60549092292786 seconds
2024-12-13 21:08:16,021 - FinalPipeline - test - DEBUG - Starting populate_db
2024-12-13 21:08:16,022 - FinalPipeline - test - DEBUG - Start DB population for test
2024-12-13 21:31:31,267 - FinalPipeline - test - DEBUG - Using configs {'General': {'run_name': 'test', 'PREFIX_DB': 'E:/test_data/test_run', 'additional_experiments': False}, 'Plotting': {'tick_size': 15, 'label_size': 20, 'title_size': 30, 'fig_width': 20, 'font_size': 16}, 'Metadata': {'n_blocks': 2000}, 'Aggregate': {'tx_generic_cols': {'dist': ['transaction_type', 'receipt_status'], 'stats': ['transaction_index_relative', 'value', 'gas', 'gas_price']}}, 'Heuristics': {'nafill': 'mean', 'Deposit': {'receiver_average_blocks_per_tx_threshold': 20, 'top_percentage_receiver': 0.01, 'max_transfers_deposit': 5}}, 'Clustering': {'algorithms': ['gmm', 'kmeans'], 'nafills': ['mean', '-1'], 'preprocessings': ['non-UMAP', 'UMAP']}}
2024-12-13 21:31:31,268 - FinalPipeline - test - DEBUG - Starting onetime_setup
2024-12-13 21:34:33,212 - FinalPipeline - test - DEBUG - Finished onetime_setup in 181.94410395622253 seconds
2024-12-13 21:34:34,219 - FinalPipeline - test - DEBUG - Starting populate_db
2024-12-13 21:34:34,219 - FinalPipeline - test - DEBUG - Start DB population for test
