2024-03-14 01:24:15,499 - PipelineComponent - test - DEBUG - Using configs {'General': {'run_name': 'test', 'PREFIX_DB': 'test_data'}, 'Plotting': {'tick_size': 15, 'label_size': 20, 'title_size': 30, 'fig_width': 20, 'font_size': 16}, 'Metadata': {'n_blocks': 2000}, 'Aggregate': {'tx_generic_cols': {'dist': ['transaction_type', 'receipt_status'], 'stats': ['transaction_index_relative', 'value', 'gas', 'gas_price']}}, 'Heuristics': {'nafill': 'mean', 'Deposit': {'receiver_average_blocks_per_tx_threshold': 20, 'top_percentage_receiver': 0.01, 'max_transfers_deposit': 5}}, 'Clustering': {'algorithms': ['gmm', 'xmeans'], 'nafills': ['mean', '-1'], 'preprocessings': ['non-UMAP', 'UMAP']}}
2024-03-14 01:24:15,996 - PipelineComponent - test - INFO - PostgreSQL database 'test' created successfully.
2024-03-14 01:24:16,092 - PipelineComponent - test - INFO - Database deleted successfully.
2024-03-15 22:53:43,308 - PipelineComponent - test - DEBUG - Using configs {'General': {'run_name': 'test', 'PREFIX_DB': 'test_data/test_run'}, 'Plotting': {'tick_size': 15, 'label_size': 20, 'title_size': 30, 'fig_width': 20, 'font_size': 16}, 'Metadata': {'n_blocks': 2000}, 'Aggregate': {'tx_generic_cols': {'dist': ['transaction_type', 'receipt_status'], 'stats': ['transaction_index_relative', 'value', 'gas', 'gas_price']}}, 'Heuristics': {'nafill': 'mean', 'Deposit': {'receiver_average_blocks_per_tx_threshold': 20, 'top_percentage_receiver': 0.01, 'max_transfers_deposit': 5}}, 'Clustering': {'algorithms': ['gmm', 'xmeans'], 'nafills': ['mean', '-1'], 'preprocessings': ['non-UMAP', 'UMAP']}}
2024-03-15 22:53:43,395 - PipelineComponent - test - INFO - PostgreSQL database 'test' already exists.
2024-03-15 22:53:43,549 - PipelineComponent - test - INFO - Database deleted successfully.
2024-03-16 01:39:59,506 - PipelineComponent - test - DEBUG - Using configs {'General': {'run_name': 'test', 'PREFIX_DB': 'test_data/test_run'}, 'Plotting': {'tick_size': 15, 'label_size': 20, 'title_size': 30, 'fig_width': 20, 'font_size': 16}, 'Metadata': {'n_blocks': 2000}, 'Aggregate': {'tx_generic_cols': {'dist': ['transaction_type', 'receipt_status'], 'stats': ['transaction_index_relative', 'value', 'gas', 'gas_price']}}, 'Heuristics': {'nafill': 'mean', 'Deposit': {'receiver_average_blocks_per_tx_threshold': 20, 'top_percentage_receiver': 0.01, 'max_transfers_deposit': 5}}, 'Clustering': {'algorithms': ['gmm', 'xmeans'], 'nafills': ['mean', '-1'], 'preprocessings': ['non-UMAP', 'UMAP']}}
2024-03-16 01:39:59,547 - PipelineComponent - test - INFO - PostgreSQL database 'test' already exists.
2024-03-16 01:39:59,631 - PipelineComponent - test - INFO - Database deleted successfully.
2024-03-16 01:41:19,083 - PipelineComponent - test - DEBUG - Using configs {'General': {'run_name': 'test', 'PREFIX_DB': 'test_data/test_run'}, 'Plotting': {'tick_size': 15, 'label_size': 20, 'title_size': 30, 'fig_width': 20, 'font_size': 16}, 'Metadata': {'n_blocks': 2000}, 'Aggregate': {'tx_generic_cols': {'dist': ['transaction_type', 'receipt_status'], 'stats': ['transaction_index_relative', 'value', 'gas', 'gas_price']}}, 'Heuristics': {'nafill': 'mean', 'Deposit': {'receiver_average_blocks_per_tx_threshold': 20, 'top_percentage_receiver': 0.01, 'max_transfers_deposit': 5}}, 'Clustering': {'algorithms': ['gmm', 'xmeans'], 'nafills': ['mean', '-1'], 'preprocessings': ['non-UMAP', 'UMAP']}}
2024-03-16 01:41:19,128 - PipelineComponent - test - INFO - PostgreSQL database 'test' already exists.
2024-03-16 01:41:19,223 - PipelineComponent - test - INFO - Database deleted successfully.
2024-03-16 22:37:19,389 - PipelineComponent - test - DEBUG - Using configs {'General': {'run_name': 'test', 'PREFIX_DB': 'test_data/test_run'}, 'Plotting': {'tick_size': 15, 'label_size': 20, 'title_size': 30, 'fig_width': 20, 'font_size': 16}, 'Metadata': {'n_blocks': 2000}, 'Aggregate': {'tx_generic_cols': {'dist': ['transaction_type', 'receipt_status'], 'stats': ['transaction_index_relative', 'value', 'gas', 'gas_price']}}, 'Heuristics': {'nafill': 'mean', 'Deposit': {'receiver_average_blocks_per_tx_threshold': 20, 'top_percentage_receiver': 0.01, 'max_transfers_deposit': 5}}, 'Clustering': {'algorithms': ['gmm', 'xmeans'], 'nafills': ['mean', '-1'], 'preprocessings': ['non-UMAP', 'UMAP']}}
2024-03-16 22:37:19,505 - PipelineComponent - test - INFO - PostgreSQL database 'test' already exists.
2024-03-16 22:37:19,693 - PipelineComponent - test - INFO - Database deleted successfully.
2024-03-24 17:12:13,564 - PipelineComponent - test - DEBUG - Using configs {'General': {'run_name': 'test', 'PREFIX_DB': 'E:/test_data'}, 'Plotting': {'tick_size': 15, 'label_size': 20, 'title_size': 30, 'fig_width': 20, 'font_size': 16}, 'Metadata': {'n_blocks': 2000}, 'Aggregate': {'tx_generic_cols': {'dist': ['transaction_type', 'receipt_status'], 'stats': ['transaction_index_relative', 'value', 'gas', 'gas_price']}}, 'Heuristics': {'nafill': 'mean', 'Deposit': {'receiver_average_blocks_per_tx_threshold': 20, 'top_percentage_receiver': 0.01, 'max_transfers_deposit': 5}}, 'Clustering': {'algorithms': ['gmm', 'xmeans'], 'nafills': ['mean', '-1'], 'preprocessings': ['non-UMAP', 'UMAP']}}
2024-03-24 17:12:13,621 - PipelineComponent - test - INFO - PostgreSQL database 'test' already exists.
2024-03-24 17:12:13,851 - PipelineComponent - test - INFO - Database deleted successfully.
2024-03-24 17:15:55,357 - PipelineComponent - test - DEBUG - Using configs {'General': {'run_name': 'test', 'PREFIX_DB': 'E:/test_data'}, 'Plotting': {'tick_size': 15, 'label_size': 20, 'title_size': 30, 'fig_width': 20, 'font_size': 16}, 'Metadata': {'n_blocks': 2000}, 'Aggregate': {'tx_generic_cols': {'dist': ['transaction_type', 'receipt_status'], 'stats': ['transaction_index_relative', 'value', 'gas', 'gas_price']}}, 'Heuristics': {'nafill': 'mean', 'Deposit': {'receiver_average_blocks_per_tx_threshold': 20, 'top_percentage_receiver': 0.01, 'max_transfers_deposit': 5}}, 'Clustering': {'algorithms': ['gmm', 'xmeans'], 'nafills': ['mean', '-1'], 'preprocessings': ['non-UMAP', 'UMAP']}}
2024-03-24 17:15:55,398 - PipelineComponent - test - INFO - PostgreSQL database 'test' already exists.
2024-03-24 17:15:55,540 - PipelineComponent - test - INFO - Database deleted successfully.
2024-03-24 17:21:13,994 - PipelineComponent - test - DEBUG - Using configs {'General': {'run_name': 'test', 'PREFIX_DB': 'E:/test_data/test_run'}, 'Plotting': {'tick_size': 15, 'label_size': 20, 'title_size': 30, 'fig_width': 20, 'font_size': 16}, 'Metadata': {'n_blocks': 2000}, 'Aggregate': {'tx_generic_cols': {'dist': ['transaction_type', 'receipt_status'], 'stats': ['transaction_index_relative', 'value', 'gas', 'gas_price']}}, 'Heuristics': {'nafill': 'mean', 'Deposit': {'receiver_average_blocks_per_tx_threshold': 20, 'top_percentage_receiver': 0.01, 'max_transfers_deposit': 5}}, 'Clustering': {'algorithms': ['gmm', 'xmeans'], 'nafills': ['mean', '-1'], 'preprocessings': ['non-UMAP', 'UMAP']}}
2024-03-24 17:21:14,031 - PipelineComponent - test - INFO - PostgreSQL database 'test' already exists.
2024-03-24 17:21:14,257 - PipelineComponent - test - INFO - Database deleted successfully.
2024-03-24 17:43:22,291 - PipelineComponent - test - DEBUG - Using configs {'General': {'run_name': 'test', 'PREFIX_DB': 'E:/test_data/test_run'}, 'Plotting': {'tick_size': 15, 'label_size': 20, 'title_size': 30, 'fig_width': 20, 'font_size': 16}, 'Metadata': {'n_blocks': 2000}, 'Aggregate': {'tx_generic_cols': {'dist': ['transaction_type', 'receipt_status'], 'stats': ['transaction_index_relative', 'value', 'gas', 'gas_price']}}, 'Heuristics': {'nafill': 'mean', 'Deposit': {'receiver_average_blocks_per_tx_threshold': 20, 'top_percentage_receiver': 0.01, 'max_transfers_deposit': 5}}, 'Clustering': {'algorithms': ['gmm', 'xmeans'], 'nafills': ['mean', '-1'], 'preprocessings': ['non-UMAP', 'UMAP']}}
2024-03-24 17:43:22,343 - PipelineComponent - test - INFO - PostgreSQL database 'test' already exists.
2024-03-24 17:43:22,673 - PipelineComponent - test - INFO - Database deleted successfully.
2024-12-13 11:41:45,240 - PipelineComponent - test - DEBUG - Using configs {'General': {'run_name': 'test', 'PREFIX_DB': 'E:/test_data/test_run', 'additional_experiments': False}, 'Plotting': {'tick_size': 15, 'label_size': 20, 'title_size': 30, 'fig_width': 20, 'font_size': 16}, 'Metadata': {'n_blocks': 2000}, 'Aggregate': {'tx_generic_cols': {'dist': ['transaction_type', 'receipt_status'], 'stats': ['transaction_index_relative', 'value', 'gas', 'gas_price']}}, 'Heuristics': {'nafill': 'mean', 'Deposit': {'receiver_average_blocks_per_tx_threshold': 20, 'top_percentage_receiver': 0.01, 'max_transfers_deposit': 5}}, 'Clustering': {'algorithms': ['gmm', 'kmeans'], 'nafills': ['mean', '-1'], 'preprocessings': ['non-UMAP', 'UMAP']}}
2024-12-13 11:41:45,242 - PipelineComponent - test - ERROR - Error checking if PostgreSQL database exists: connection to server at "localhost" (127.0.0.1), port 5432 failed: Connection refused
	Is the server running on that host and accepting TCP/IP connections?
connection to server at "localhost" (::1), port 5432 failed: Connection refused
	Is the server running on that host and accepting TCP/IP connections?

2024-12-13 11:41:45,242 - PipelineComponent - test - ERROR - Error creating PostgreSQL database: connection to server at "localhost" (127.0.0.1), port 5432 failed: Connection refused
	Is the server running on that host and accepting TCP/IP connections?
connection to server at "localhost" (::1), port 5432 failed: Connection refused
	Is the server running on that host and accepting TCP/IP connections?

2024-12-13 11:41:45,243 - PipelineComponent - test - ERROR - Error deleting database: connection to server at "localhost" (127.0.0.1), port 5432 failed: Connection refused
	Is the server running on that host and accepting TCP/IP connections?
connection to server at "localhost" (::1), port 5432 failed: Connection refused
	Is the server running on that host and accepting TCP/IP connections?

2024-12-13 12:56:44,947 - PipelineComponent - test - DEBUG - Using configs {'General': {'run_name': 'test', 'PREFIX_DB': 'E:/test_data/test_run', 'additional_experiments': False}, 'Plotting': {'tick_size': 15, 'label_size': 20, 'title_size': 30, 'fig_width': 20, 'font_size': 16}, 'Metadata': {'n_blocks': 2000}, 'Aggregate': {'tx_generic_cols': {'dist': ['transaction_type', 'receipt_status'], 'stats': ['transaction_index_relative', 'value', 'gas', 'gas_price']}}, 'Heuristics': {'nafill': 'mean', 'Deposit': {'receiver_average_blocks_per_tx_threshold': 20, 'top_percentage_receiver': 0.01, 'max_transfers_deposit': 5}}, 'Clustering': {'algorithms': ['gmm', 'kmeans'], 'nafills': ['mean', '-1'], 'preprocessings': ['non-UMAP', 'UMAP']}}
2024-12-13 12:56:44,984 - PipelineComponent - test - ERROR - Error checking if PostgreSQL database exists: connection to server at "localhost" (::1), port 5432 failed: FATAL:  role "postgres" does not exist

2024-12-13 12:56:44,988 - PipelineComponent - test - ERROR - Error creating PostgreSQL database: connection to server at "localhost" (::1), port 5432 failed: FATAL:  role "postgres" does not exist

2024-12-13 12:56:44,992 - PipelineComponent - test - ERROR - Error deleting database: connection to server at "localhost" (::1), port 5432 failed: FATAL:  role "postgres" does not exist

2024-12-13 13:28:43,711 - PipelineComponent - test - DEBUG - Using configs {'General': {'run_name': 'test', 'PREFIX_DB': 'E:/test_data/test_run', 'additional_experiments': False}, 'Plotting': {'tick_size': 15, 'label_size': 20, 'title_size': 30, 'fig_width': 20, 'font_size': 16}, 'Metadata': {'n_blocks': 2000}, 'Aggregate': {'tx_generic_cols': {'dist': ['transaction_type', 'receipt_status'], 'stats': ['transaction_index_relative', 'value', 'gas', 'gas_price']}}, 'Heuristics': {'nafill': 'mean', 'Deposit': {'receiver_average_blocks_per_tx_threshold': 20, 'top_percentage_receiver': 0.01, 'max_transfers_deposit': 5}}, 'Clustering': {'algorithms': ['gmm', 'kmeans'], 'nafills': ['mean', '-1'], 'preprocessings': ['non-UMAP', 'UMAP']}}
2024-12-13 13:28:43,910 - PipelineComponent - test - INFO - PostgreSQL database 'test' created successfully.
2024-12-13 13:28:43,973 - PipelineComponent - test - INFO - Database deleted successfully.
2024-12-13 13:36:38,252 - PipelineComponent - test - DEBUG - Using configs {'General': {'run_name': 'test', 'PREFIX_DB': 'E:/test_data/test_run', 'additional_experiments': False}, 'Plotting': {'tick_size': 15, 'label_size': 20, 'title_size': 30, 'fig_width': 20, 'font_size': 16}, 'Metadata': {'n_blocks': 2000}, 'Aggregate': {'tx_generic_cols': {'dist': ['transaction_type', 'receipt_status'], 'stats': ['transaction_index_relative', 'value', 'gas', 'gas_price']}}, 'Heuristics': {'nafill': 'mean', 'Deposit': {'receiver_average_blocks_per_tx_threshold': 20, 'top_percentage_receiver': 0.01, 'max_transfers_deposit': 5}}, 'Clustering': {'algorithms': ['gmm', 'kmeans'], 'nafills': ['mean', '-1'], 'preprocessings': ['non-UMAP', 'UMAP']}}
2024-12-13 13:36:38,290 - PipelineComponent - test - INFO - PostgreSQL database 'test' already exists.
2024-12-13 13:36:38,333 - PipelineComponent - test - INFO - Database deleted successfully.
2024-12-13 13:41:33,551 - PipelineComponent - test - DEBUG - Using configs {'General': {'run_name': 'test', 'PREFIX_DB': 'E:/test_data/test_run', 'additional_experiments': False}, 'Plotting': {'tick_size': 15, 'label_size': 20, 'title_size': 30, 'fig_width': 20, 'font_size': 16}, 'Metadata': {'n_blocks': 2000}, 'Aggregate': {'tx_generic_cols': {'dist': ['transaction_type', 'receipt_status'], 'stats': ['transaction_index_relative', 'value', 'gas', 'gas_price']}}, 'Heuristics': {'nafill': 'mean', 'Deposit': {'receiver_average_blocks_per_tx_threshold': 20, 'top_percentage_receiver': 0.01, 'max_transfers_deposit': 5}}, 'Clustering': {'algorithms': ['gmm', 'kmeans'], 'nafills': ['mean', '-1'], 'preprocessings': ['non-UMAP', 'UMAP']}}
2024-12-13 13:41:33,594 - PipelineComponent - test - INFO - PostgreSQL database 'test' already exists.
2024-12-13 13:41:33,636 - PipelineComponent - test - INFO - Database deleted successfully.
2024-12-13 13:44:57,578 - PipelineComponent - test - DEBUG - Using configs {'General': {'run_name': 'test', 'PREFIX_DB': 'E:/test_data/test_run', 'additional_experiments': False}, 'Plotting': {'tick_size': 15, 'label_size': 20, 'title_size': 30, 'fig_width': 20, 'font_size': 16}, 'Metadata': {'n_blocks': 2000}, 'Aggregate': {'tx_generic_cols': {'dist': ['transaction_type', 'receipt_status'], 'stats': ['transaction_index_relative', 'value', 'gas', 'gas_price']}}, 'Heuristics': {'nafill': 'mean', 'Deposit': {'receiver_average_blocks_per_tx_threshold': 20, 'top_percentage_receiver': 0.01, 'max_transfers_deposit': 5}}, 'Clustering': {'algorithms': ['gmm', 'kmeans'], 'nafills': ['mean', '-1'], 'preprocessings': ['non-UMAP', 'UMAP']}}
2024-12-13 13:44:57,609 - PipelineComponent - test - INFO - PostgreSQL database 'test' already exists.
2024-12-13 13:44:57,643 - PipelineComponent - test - INFO - Database deleted successfully.
2024-12-13 13:55:18,816 - PipelineComponent - test - DEBUG - Using configs {'General': {'run_name': 'test', 'PREFIX_DB': 'E:/test_data/test_run', 'additional_experiments': False}, 'Plotting': {'tick_size': 15, 'label_size': 20, 'title_size': 30, 'fig_width': 20, 'font_size': 16}, 'Metadata': {'n_blocks': 2000}, 'Aggregate': {'tx_generic_cols': {'dist': ['transaction_type', 'receipt_status'], 'stats': ['transaction_index_relative', 'value', 'gas', 'gas_price']}}, 'Heuristics': {'nafill': 'mean', 'Deposit': {'receiver_average_blocks_per_tx_threshold': 20, 'top_percentage_receiver': 0.01, 'max_transfers_deposit': 5}}, 'Clustering': {'algorithms': ['gmm', 'kmeans'], 'nafills': ['mean', '-1'], 'preprocessings': ['non-UMAP', 'UMAP']}}
2024-12-13 13:55:18,850 - PipelineComponent - test - INFO - PostgreSQL database 'test' already exists.
2024-12-13 13:55:18,892 - PipelineComponent - test - INFO - Database deleted successfully.
2024-12-13 14:01:05,927 - PipelineComponent - test - DEBUG - Using configs {'General': {'run_name': 'test', 'PREFIX_DB': 'E:/test_data/test_run', 'additional_experiments': False}, 'Plotting': {'tick_size': 15, 'label_size': 20, 'title_size': 30, 'fig_width': 20, 'font_size': 16}, 'Metadata': {'n_blocks': 2000}, 'Aggregate': {'tx_generic_cols': {'dist': ['transaction_type', 'receipt_status'], 'stats': ['transaction_index_relative', 'value', 'gas', 'gas_price']}}, 'Heuristics': {'nafill': 'mean', 'Deposit': {'receiver_average_blocks_per_tx_threshold': 20, 'top_percentage_receiver': 0.01, 'max_transfers_deposit': 5}}, 'Clustering': {'algorithms': ['gmm', 'kmeans'], 'nafills': ['mean', '-1'], 'preprocessings': ['non-UMAP', 'UMAP']}}
2024-12-13 14:01:05,965 - PipelineComponent - test - INFO - PostgreSQL database 'test' already exists.
2024-12-13 14:01:06,018 - PipelineComponent - test - INFO - Database deleted successfully.
2024-12-13 14:05:56,496 - PipelineComponent - test - DEBUG - Using configs {'General': {'run_name': 'test', 'PREFIX_DB': 'E:/test_data/test_run', 'additional_experiments': False}, 'Plotting': {'tick_size': 15, 'label_size': 20, 'title_size': 30, 'fig_width': 20, 'font_size': 16}, 'Metadata': {'n_blocks': 2000}, 'Aggregate': {'tx_generic_cols': {'dist': ['transaction_type', 'receipt_status'], 'stats': ['transaction_index_relative', 'value', 'gas', 'gas_price']}}, 'Heuristics': {'nafill': 'mean', 'Deposit': {'receiver_average_blocks_per_tx_threshold': 20, 'top_percentage_receiver': 0.01, 'max_transfers_deposit': 5}}, 'Clustering': {'algorithms': ['gmm', 'kmeans'], 'nafills': ['mean', '-1'], 'preprocessings': ['non-UMAP', 'UMAP']}}
2024-12-13 14:05:56,527 - PipelineComponent - test - INFO - PostgreSQL database 'test' already exists.
2024-12-13 14:05:56,569 - PipelineComponent - test - INFO - Database deleted successfully.
2024-12-13 14:32:22,622 - PipelineComponent - test - DEBUG - Using configs {'General': {'run_name': 'test', 'PREFIX_DB': 'E:/test_data/test_run', 'additional_experiments': False}, 'Plotting': {'tick_size': 15, 'label_size': 20, 'title_size': 30, 'fig_width': 20, 'font_size': 16}, 'Metadata': {'n_blocks': 2000}, 'Aggregate': {'tx_generic_cols': {'dist': ['transaction_type', 'receipt_status'], 'stats': ['transaction_index_relative', 'value', 'gas', 'gas_price']}}, 'Heuristics': {'nafill': 'mean', 'Deposit': {'receiver_average_blocks_per_tx_threshold': 20, 'top_percentage_receiver': 0.01, 'max_transfers_deposit': 5}}, 'Clustering': {'algorithms': ['gmm', 'kmeans'], 'nafills': ['mean', '-1'], 'preprocessings': ['non-UMAP', 'UMAP']}}
2024-12-13 14:32:22,655 - PipelineComponent - test - INFO - PostgreSQL database 'test' already exists.
2024-12-13 14:32:22,728 - PipelineComponent - test - INFO - Database deleted successfully.
2024-12-13 21:08:17,074 - PipelineComponent - test - DEBUG - Using configs {'General': {'run_name': 'test', 'PREFIX_DB': 'E:/test_data/test_run', 'additional_experiments': False}, 'Plotting': {'tick_size': 15, 'label_size': 20, 'title_size': 30, 'fig_width': 20, 'font_size': 16}, 'Metadata': {'n_blocks': 2000}, 'Aggregate': {'tx_generic_cols': {'dist': ['transaction_type', 'receipt_status'], 'stats': ['transaction_index_relative', 'value', 'gas', 'gas_price']}}, 'Heuristics': {'nafill': 'mean', 'Deposit': {'receiver_average_blocks_per_tx_threshold': 20, 'top_percentage_receiver': 0.01, 'max_transfers_deposit': 5}}, 'Clustering': {'algorithms': ['gmm', 'kmeans'], 'nafills': ['mean', '-1'], 'preprocessings': ['non-UMAP', 'UMAP']}}
2024-12-13 21:08:17,108 - PipelineComponent - test - INFO - PostgreSQL database 'test' already exists.
2024-12-13 21:08:17,156 - PipelineComponent - test - INFO - Database deleted successfully.
2024-12-13 21:34:35,263 - PipelineComponent - test - DEBUG - Using configs {'General': {'run_name': 'test', 'PREFIX_DB': 'E:/test_data/test_run', 'additional_experiments': False}, 'Plotting': {'tick_size': 15, 'label_size': 20, 'title_size': 30, 'fig_width': 20, 'font_size': 16}, 'Metadata': {'n_blocks': 2000}, 'Aggregate': {'tx_generic_cols': {'dist': ['transaction_type', 'receipt_status'], 'stats': ['transaction_index_relative', 'value', 'gas', 'gas_price']}}, 'Heuristics': {'nafill': 'mean', 'Deposit': {'receiver_average_blocks_per_tx_threshold': 20, 'top_percentage_receiver': 0.01, 'max_transfers_deposit': 5}}, 'Clustering': {'algorithms': ['gmm', 'kmeans'], 'nafills': ['mean', '-1'], 'preprocessings': ['non-UMAP', 'UMAP']}}
2024-12-13 21:34:35,298 - PipelineComponent - test - INFO - PostgreSQL database 'test' already exists.
2024-12-13 21:34:35,341 - PipelineComponent - test - INFO - Database deleted successfully.
